c:\users\adrien\desktop\cursus\polytechnique montréal\inf1010\tp3\tp3_inf10102\tp3_inf10102\debug\vc140.pdb
c:\users\adrien\desktop\cursus\polytechnique montréal\inf1010\tp3\tp3_inf10102\tp3_inf10102\debug\vc140.idb
c:\users\adrien\desktop\cursus\polytechnique montréal\inf1010\tp3\tp3_inf10102\tp3_inf10102\debug\creature.obj
c:\users\adrien\desktop\cursus\polytechnique montréal\inf1010\tp3\tp3_inf10102\tp3_inf10102\debug\creaturemagique.obj
c:\users\adrien\desktop\cursus\polytechnique montréal\inf1010\tp3\tp3_inf10102\tp3_inf10102\debug\dresseur.obj
c:\users\adrien\desktop\cursus\polytechnique montréal\inf1010\tp3\tp3_inf10102\tp3_inf10102\debug\elixir.obj
c:\users\adrien\desktop\cursus\polytechnique montréal\inf1010\tp3\tp3_inf10102\tp3_inf10102\debug\etatconfus.obj
c:\users\adrien\desktop\cursus\polytechnique montréal\inf1010\tp3\tp3_inf10102\tp3_inf10102\debug\etatcreature.obj
c:\users\adrien\desktop\cursus\polytechnique montréal\inf1010\tp3\tp3_inf10102\tp3_inf10102\debug\etatempoisonne.obj
c:\users\adrien\desktop\cursus\polytechnique montréal\inf1010\tp3\tp3_inf10102\tp3_inf10102\debug\etatendormi.obj
c:\users\adrien\desktop\cursus\polytechnique montréal\inf1010\tp3\tp3_inf10102\tp3_inf10102\debug\greenbull.obj
c:\users\adrien\desktop\cursus\polytechnique montréal\inf1010\tp3\tp3_inf10102\tp3_inf10102\debug\objetmagique.obj
c:\users\adrien\desktop\cursus\polytechnique montréal\inf1010\tp3\tp3_inf10102\tp3_inf10102\debug\outilscientifique.obj
c:\users\adrien\desktop\cursus\polytechnique montréal\inf1010\tp3\tp3_inf10102\tp3_inf10102\debug\polyland.obj
c:\users\adrien\desktop\cursus\polytechnique montréal\inf1010\tp3\tp3_inf10102\tp3_inf10102\debug\potionmagique.obj
c:\users\adrien\desktop\cursus\polytechnique montréal\inf1010\tp3\tp3_inf10102\tp3_inf10102\debug\pouvoir.obj
c:\users\adrien\desktop\cursus\polytechnique montréal\inf1010\tp3\tp3_inf10102\tp3_inf10102\debug\pouvoirhallucinogene.obj
c:\users\adrien\desktop\cursus\polytechnique montréal\inf1010\tp3\tp3_inf10102\tp3_inf10102\debug\pouvoirpoison.obj
c:\users\adrien\desktop\cursus\polytechnique montréal\inf1010\tp3\tp3_inf10102\tp3_inf10102\debug\pouvoirsoporifique.obj
c:\users\adrien\desktop\cursus\polytechnique montréal\inf1010\tp3\tp3_inf10102\tp3_inf10102\debug\professeur.obj
c:\users\adrien\desktop\cursus\polytechnique montréal\inf1010\tp3\tp3_inf10102\tp3_inf10102\debug\main.obj
c:\users\adrien\desktop\cursus\polytechnique montréal\inf1010\tp3\tp3_inf10102\debug\tp3_inf10102.ilk
c:\users\adrien\desktop\cursus\polytechnique montréal\inf1010\tp3\tp3_inf10102\debug\tp3_inf10102.exe
c:\users\adrien\desktop\cursus\polytechnique montréal\inf1010\tp3\tp3_inf10102\debug\tp3_inf10102.pdb
c:\users\adrien\desktop\cursus\polytechnique montréal\inf1010\tp3\tp3_inf10102\tp3_inf10102\debug\tp3_inf10102.tlog\cl.command.1.tlog
c:\users\adrien\desktop\cursus\polytechnique montréal\inf1010\tp3\tp3_inf10102\tp3_inf10102\debug\tp3_inf10102.tlog\cl.read.1.tlog
c:\users\adrien\desktop\cursus\polytechnique montréal\inf1010\tp3\tp3_inf10102\tp3_inf10102\debug\tp3_inf10102.tlog\cl.write.1.tlog
c:\users\adrien\desktop\cursus\polytechnique montréal\inf1010\tp3\tp3_inf10102\tp3_inf10102\debug\tp3_inf10102.tlog\link.command.1.tlog
c:\users\adrien\desktop\cursus\polytechnique montréal\inf1010\tp3\tp3_inf10102\tp3_inf10102\debug\tp3_inf10102.tlog\link.read.1.tlog
c:\users\adrien\desktop\cursus\polytechnique montréal\inf1010\tp3\tp3_inf10102\tp3_inf10102\debug\tp3_inf10102.tlog\link.write.1.tlog
